<?xml version="1.0" encoding="UTF-8"?>
<!-- Generated by org.testng.reporters.JUnitReportReporter -->
<testsuite hostname="LAPTOP-78SV9GGE" failures="0" tests="1" name="testCases.ErrorTestScenarios_LoginPage" time="0.433" errors="0" timestamp="2023-12-08T22:01:49 IST" skipped="0">
  <testcase classname="testCases.ErrorTestScenarios_LoginPage" name="loginWithLockedUser" time="0.433"/>
</testsuite> <!-- testCases.ErrorTestScenarios_LoginPage -->
