<?xml version="1.0" encoding="UTF-8"?>
<!-- Generated by org.testng.reporters.JUnitReportReporter -->
<testsuite hostname="LAPTOP-78SV9GGE" failures="0" tests="1" name="testCases.LoginPage" time="0.012" errors="0" timestamp="2023-12-06T20:42:16 IST" skipped="0">
  <testcase classname="testCases.LoginPage" name="loginToApplication" time="0.012"/>
</testsuite> <!-- testCases.LoginPage -->
