<?xml version="1.0" encoding="UTF-8"?>
<!-- Generated by org.testng.reporters.JUnitReportReporter -->
<testsuite hostname="LAPTOP-78SV9GGE" failures="0" tests="5" name="testCases.LoginLogoutEndToEndTestCases" time="0.914" errors="0" timestamp="2023-12-08T18:53:29 IST" skipped="0">
  <testcase classname="testCases.LoginLogoutEndToEndTestCases" name="loginToApplication" time="0.410"/>
  <testcase classname="testCases.LoginLogoutEndToEndTestCases" name="verifyProductPageTitle" time="0.070"/>
  <testcase classname="testCases.LoginLogoutEndToEndTestCases" name="verifyDowndownValuesOfSortOnProductsPage" time="0.130"/>
  <testcase classname="testCases.LoginLogoutEndToEndTestCases" name="selectDowndownValues" time="0.123"/>
  <testcase classname="testCases.LoginLogoutEndToEndTestCases" name="logoutFromoApplication" time="0.181"/>
</testsuite> <!-- testCases.LoginLogoutEndToEndTestCases -->
