<?xml version="1.0" encoding="UTF-8"?>
<!-- Generated by org.testng.reporters.JUnitReportReporter -->
<testsuite hostname="LAPTOP-78SV9GGE" failures="0" tests="1" name="testBase.BaseClass" time="3.693" errors="0" timestamp="2023-12-06T20:20:46 IST" skipped="0">
  <testcase classname="testBase.BaseClass" name="setup" time="3.693"/>
</testsuite> <!-- testBase.BaseClass -->
