<?xml version="1.0" encoding="UTF-8"?>
<!-- Generated by org.testng.reporters.JUnitReportReporter -->
<testsuite hostname="LAPTOP-78SV9GGE" failures="0" tests="3" name="testCases.LoginPageTestCases" time="0.495" errors="0" timestamp="2023-12-07T16:17:57 IST" skipped="0">
  <testcase classname="testCases.LoginPageTestCases" name="loginToApplication" time="0.308"/>
  <testcase classname="testCases.LoginPageTestCases" name="verifyProductPageTitle" time="0.038"/>
  <testcase classname="testCases.LoginPageTestCases" name="logoutFromoApplication" time="0.149"/>
</testsuite> <!-- testCases.LoginPageTestCases -->
