<?xml version="1.0" encoding="UTF-8"?>
<!-- Generated by org.testng.reporters.JUnitReportReporter -->
<testsuite hostname="LAPTOP-78SV9GGE" failures="0" tests="1" name="testCases.ErrorTestScenarios_LoginPage" time="0.434" errors="0" timestamp="2023-12-09T15:15:44 IST" skipped="0">
  <testcase classname="testCases.ErrorTestScenarios_LoginPage" name="loginWithLockedUser" time="0.434"/>
</testsuite> <!-- testCases.ErrorTestScenarios_LoginPage -->
