<?xml version="1.0" encoding="UTF-8"?>
<!-- Generated by org.testng.reporters.JUnitReportReporter -->
<testsuite hostname="LAPTOP-78SV9GGE" failures="0" tests="5" name="testCases.LoginLogoutEndToEnd_TestCases" time="0.827" errors="0" timestamp="2023-12-09T15:15:44 IST" skipped="0">
  <testcase classname="testCases.LoginLogoutEndToEnd_TestCases" name="loginToApplication" time="0.384"/>
  <testcase classname="testCases.LoginLogoutEndToEnd_TestCases" name="verifyProductPageTitle" time="0.037"/>
  <testcase classname="testCases.LoginLogoutEndToEnd_TestCases" name="verifyDowndownValuesOfSortOnProductsPage" time="0.111"/>
  <testcase classname="testCases.LoginLogoutEndToEnd_TestCases" name="selectDowndownValues" time="0.122"/>
  <testcase classname="testCases.LoginLogoutEndToEnd_TestCases" name="logoutFromoApplication" time="0.173"/>
</testsuite> <!-- testCases.LoginLogoutEndToEnd_TestCases -->
